This file contains any messages produced by compilers while
running configure, to aid debugging if configure makes a mistake.

It was created by pbpdptest configure 0.1, which was
generated by GNU Autoconf 2.68.  Invocation command line was

  $ ./configure CXXFLAGS=-g -O3 -std=gnu++11

## --------- ##
## Platform. ##
## --------- ##

hostname = Will-Laptop
uname -m = i686
uname -r = 1.0.18(0.48/3/2)
uname -s = MINGW32_NT-6.1
uname -v = 2012-11-21 22:34

/usr/bin/uname -p = unknown
/bin/uname -X     = unknown

/bin/arch              = unknown
/usr/bin/arch -k       = unknown
/usr/convex/getsysinfo = unknown
/usr/bin/hostinfo      = unknown
/bin/machine           = unknown
/usr/bin/oslevel       = unknown
/bin/universe          = unknown

PATH: .
PATH: /usr/local/bin
PATH: /mingw/bin
PATH: /bin
PATH: /mingw/bin
PATH: /c/tools
PATH: /c/Python34
PATH: /c/Program Files/Common Files/Microsoft Shared/Windows Live
PATH: /c/Program Files (x86)/Common Files/Microsoft Shared/Windows Live
PATH: /c/Program Files (x86)/Intel/iCLS Client/
PATH: /c/Program Files/Intel/iCLS Client/
PATH: /c/Windows/system32
PATH: /c/Windows
PATH: /c/Windows/System32/Wbem
PATH: /c/Windows/System32/WindowsPowerShell/v1.0/
PATH: /c/Program Files/Intel/WiFi/bin/
PATH: /c/Program Files/Common Files/Intel/WirelessCommon/
PATH: /c/Program Files/ThinkPad/Bluetooth Software/
PATH: /c/Program Files/ThinkPad/Bluetooth Software/syswow64
PATH: /c/Program Files/Intel/Intel(R) Management Engine Components/DAL
PATH: /c/Program Files/Intel/Intel(R) Management Engine Components/IPT
PATH: /c/Program Files (x86)/Intel/Intel(R) Management Engine Components/DAL
PATH: /c/Program Files (x86)/Intel/Intel(R) Management Engine Components/IPT
PATH: /c/Program Files (x86)/Intel/OpenCL SDK/2.0/bin/x86
PATH: /c/Program Files (x86)/Intel/OpenCL SDK/2.0/bin/x64
PATH: /c/Program Files/Common Files/Lenovo
PATH: /c/Program Files (x86)/Windows Live/Shared
PATH: /c/SWTOOLS/ReadyApps
PATH: /c/Program Files (x86)/Symantec/VIP Access Client/
PATH: /c/Program Files (x86)/Common Files/Lenovo
PATH: /c/Program Files (x86)/Microsoft SQL Server/100/Tools/Binn/
PATH: /c/Program Files/Microsoft SQL Server/100/Tools/Binn/
PATH: /c/Program Files/Microsoft SQL Server/100/DTS/Binn/
PATH: /c/Program Files/Microsoft SQL Server/110/Tools/Binn/
PATH: /c/Program Files/MiKTeX 2.9/miktex/bin/x64/
PATH: /c/Program Files (x86)/PKWARE/pkzipc
PATH: /c/Program Files (x86)/Microsoft SQL Server/90/Tools/binn/


## ----------- ##
## Core tests. ##
## ----------- ##

configure:1804: checking for a BSD-compatible install
configure:1872: result: /bin/install -c
configure:1883: checking whether build environment is sane
configure:1933: result: yes
configure:2074: checking for a thread-safe mkdir -p
configure:2113: result: /bin/mkdir -p
configure:2126: checking for gawk
configure:2142: found /bin/gawk
configure:2153: result: gawk
configure:2164: checking whether make sets $(MAKE)
configure:2186: result: yes
configure:2324: checking for g++
configure:2340: found /mingw/bin/g++
configure:2351: result: g++
configure:2378: checking for C++ compiler version
configure:2387: g++ --version >&5
g++.exe (GCC) 4.8.1
Copyright (C) 2013 Free Software Foundation, Inc.
This is free software; see the source for copying conditions.  There is NO
warranty; not even for MERCHANTABILITY or FITNESS FOR A PARTICULAR PURPOSE.

configure:2398: $? = 0
configure:2387: g++ -v >&5
Using built-in specs.
COLLECT_GCC=c:\mingw\bin\g++.exe
COLLECT_LTO_WRAPPER=c:/mingw/bin/../libexec/gcc/mingw32/4.8.1/lto-wrapper.exe
Target: mingw32
Configured with: ../gcc-4.8.1/configure --prefix=/mingw --host=mingw32 --build=mingw32 --without-pic --enable-shared --enable-static --with-gnu-ld --enable-lto --enable-libssp --disable-multilib --enable-languages=c,c++,fortran,objc,obj-c++,ada --disable-sjlj-exceptions --with-dwarf2 --disable-win32-registry --enable-libstdcxx-debug --enable-version-specific-runtime-libs --with-gmp=/usr/src/pkg/gmp-5.1.2-1-mingw32-src/bld --with-mpc=/usr/src/pkg/mpc-1.0.1-1-mingw32-src/bld --with-mpfr= --with-system-zlib --with-gnu-as --enable-decimal-float=yes --enable-libgomp --enable-threads --with-libiconv-prefix=/mingw32 --with-libintl-prefix=/mingw --disable-bootstrap LDFLAGS=-s CFLAGS=-D_USE_32BIT_TIME_T
Thread model: win32
gcc version 4.8.1 (GCC) 
configure:2398: $? = 0
configure:2387: g++ -V >&5
g++.exe: error: unrecognized command line option '-V'
g++.exe: fatal error: no input files
compilation terminated.
configure:2398: $? = 1
configure:2387: g++ -qversion >&5
g++.exe: error: unrecognized command line option '-qversion'
g++.exe: fatal error: no input files
compilation terminated.
configure:2398: $? = 1
configure:2418: checking whether the C++ compiler works
configure:2440: g++ -g -O3 -std=gnu++11   conftest.cpp  >&5
configure:2444: $? = 0
configure:2492: result: yes
configure:2495: checking for C++ compiler default output file name
configure:2497: result: a.exe
configure:2503: checking for suffix of executables
configure:2510: g++ -o conftest.exe -g -O3 -std=gnu++11   conftest.cpp  >&5
configure:2514: $? = 0
configure:2536: result: .exe
configure:2558: checking whether we are cross compiling
configure:2566: g++ -o conftest.exe -g -O3 -std=gnu++11   conftest.cpp  >&5
configure:2570: $? = 0
configure:2577: ./conftest.exe
configure:2581: $? = 0
configure:2596: result: no
configure:2601: checking for suffix of object files
configure:2623: g++ -c -g -O3 -std=gnu++11  conftest.cpp >&5
configure:2627: $? = 0
configure:2648: result: o
configure:2652: checking whether we are using the GNU C++ compiler
configure:2671: g++ -c -g -O3 -std=gnu++11  conftest.cpp >&5
configure:2671: $? = 0
configure:2680: result: yes
configure:2689: checking whether g++ accepts -g
configure:2709: g++ -c -g  conftest.cpp >&5
configure:2709: $? = 0
configure:2750: result: yes
configure:2784: checking for style of include used by make
configure:2812: result: GNU
configure:2837: checking dependency style of g++
configure:2947: result: gcc3
configure:3096: creating ./config.status

## ---------------------- ##
## Running config.status. ##
## ---------------------- ##

This file was extended by pbpdptest config.status 0.1, which was
generated by GNU Autoconf 2.68.  Invocation command line was

  CONFIG_FILES    = 
  CONFIG_HEADERS  = 
  CONFIG_LINKS    = 
  CONFIG_COMMANDS = 
  $ ./config.status 

on Will-Laptop

config.status:847: creating Makefile
config.status:847: creating src/Makefile
config.status:847: creating config.h
config.status:1028: config.h is unchanged
config.status:1076: executing depfiles commands

## ---------------- ##
## Cache variables. ##
## ---------------- ##

ac_cv_cxx_compiler_gnu=yes
ac_cv_env_CCC_set=
ac_cv_env_CCC_value=
ac_cv_env_CPPFLAGS_set=
ac_cv_env_CPPFLAGS_value=
ac_cv_env_CXXFLAGS_set=set
ac_cv_env_CXXFLAGS_value='-g -O3 -std=gnu++11'
ac_cv_env_CXX_set=
ac_cv_env_CXX_value=
ac_cv_env_LDFLAGS_set=
ac_cv_env_LDFLAGS_value=
ac_cv_env_LIBS_set=
ac_cv_env_LIBS_value=
ac_cv_env_build_alias_set=
ac_cv_env_build_alias_value=
ac_cv_env_host_alias_set=
ac_cv_env_host_alias_value=
ac_cv_env_target_alias_set=
ac_cv_env_target_alias_value=
ac_cv_exeext=.exe
ac_cv_objext=o
ac_cv_path_install='/bin/install -c'
ac_cv_path_mkdir=/bin/mkdir
ac_cv_prog_AWK=gawk
ac_cv_prog_ac_ct_CXX=g++
ac_cv_prog_cxx_g=yes
ac_cv_prog_make_make_set=yes
am_cv_CXX_dependencies_compiler_type=gcc3

## ----------------- ##
## Output variables. ##
## ----------------- ##

ACLOCAL='${SHELL} /c/users/will/Documents/DistributedDataStorage/Tests/PairingTest/missing --run aclocal-1.11'
AMDEPBACKSLASH='\'
AMDEP_FALSE='#'
AMDEP_TRUE=''
AMTAR='${SHELL} /c/users/will/Documents/DistributedDataStorage/Tests/PairingTest/missing --run tar'
AUTOCONF='${SHELL} /c/users/will/Documents/DistributedDataStorage/Tests/PairingTest/missing --run autoconf'
AUTOHEADER='${SHELL} /c/users/will/Documents/DistributedDataStorage/Tests/PairingTest/missing --run autoheader'
AUTOMAKE='${SHELL} /c/users/will/Documents/DistributedDataStorage/Tests/PairingTest/missing --run automake-1.11'
AWK='gawk'
CPPFLAGS=''
CXX='g++'
CXXDEPMODE='depmode=gcc3'
CXXFLAGS='-g -O3 -std=gnu++11'
CYGPATH_W='echo'
DEFS='-DHAVE_CONFIG_H'
DEPDIR='.deps'
ECHO_C=''
ECHO_N='-n'
ECHO_T=''
EXEEXT='.exe'
INSTALL_DATA='${INSTALL} -m 644'
INSTALL_PROGRAM='${INSTALL}'
INSTALL_SCRIPT='${INSTALL}'
INSTALL_STRIP_PROGRAM='$(install_sh) -c -s'
LDFLAGS=''
LIBOBJS=''
LIBS=''
LTLIBOBJS=''
MAKEINFO='${SHELL} /c/users/will/Documents/DistributedDataStorage/Tests/PairingTest/missing --run makeinfo'
MKDIR_P='/bin/mkdir -p'
OBJEXT='o'
PACKAGE='pbpdptest'
PACKAGE_BUGREPORT='jameswt@gmail.com'
PACKAGE_NAME='pbpdptest'
PACKAGE_STRING='pbpdptest 0.1'
PACKAGE_TARNAME='pbpdptest'
PACKAGE_URL=''
PACKAGE_VERSION='0.1'
PATH_SEPARATOR=':'
SET_MAKE=''
SHELL='/bin/sh'
STRIP=''
VERSION='0.1'
ac_ct_CXX='g++'
am__EXEEXT_FALSE='#'
am__EXEEXT_TRUE=''
am__fastdepCXX_FALSE='#'
am__fastdepCXX_TRUE=''
am__include='include'
am__isrc=''
am__leading_dot='.'
am__quote=''
am__tar='${AMTAR} chof - "$$tardir"'
am__untar='${AMTAR} xf -'
bindir='${exec_prefix}/bin'
build_alias=''
datadir='${datarootdir}'
datarootdir='${prefix}/share'
docdir='${datarootdir}/doc/${PACKAGE_TARNAME}'
dvidir='${docdir}'
exec_prefix='${prefix}'
host_alias=''
htmldir='${docdir}'
includedir='${prefix}/include'
infodir='${datarootdir}/info'
install_sh='${SHELL} /c/users/will/Documents/DistributedDataStorage/Tests/PairingTest/install-sh'
libdir='${exec_prefix}/lib'
libexecdir='${exec_prefix}/libexec'
localedir='${datarootdir}/locale'
localstatedir='${prefix}/var'
mandir='${datarootdir}/man'
mkdir_p='/bin/mkdir -p'
oldincludedir='/usr/include'
pdfdir='${docdir}'
prefix='/usr/local'
program_transform_name='s,x,x,'
psdir='${docdir}'
sbindir='${exec_prefix}/sbin'
sharedstatedir='${prefix}/com'
sysconfdir='${prefix}/etc'
target_alias=''

## ----------- ##
## confdefs.h. ##
## ----------- ##

/* confdefs.h */
#define PACKAGE_NAME "pbpdptest"
#define PACKAGE_TARNAME "pbpdptest"
#define PACKAGE_VERSION "0.1"
#define PACKAGE_STRING "pbpdptest 0.1"
#define PACKAGE_BUGREPORT "jameswt@gmail.com"
#define PACKAGE_URL ""
#define PACKAGE "pbpdptest"
#define VERSION "0.1"

configure: exit 0
